<?xml version="1.0" encoding="UTF-8"?>
<testsuite xmlns:xsi="http://www.w3.org/2001/XMLSchema-instance" xsi:noNamespaceSchemaLocation="https://maven.apache.org/surefire/maven-surefire-plugin/xsd/surefire-test-report.xsd" name="com.example.huashengpc.HuashengpcApplicationTests" time="5.935" tests="1" errors="0" skipped="0" failures="0">
  <properties>
    <property name="sun.desktop" value="windows"/>
    <property name="awt.toolkit" value="sun.awt.windows.WToolkit"/>
    <property name="file.encoding.pkg" value="sun.io"/>
    <property name="java.specification.version" value="1.8"/>
    <property name="sun.cpu.isalist" value="amd64"/>
    <property name="sun.jnu.encoding" value="GBK"/>
    <property name="java.class.path" value="E:\华盛项目\bidding-agent\end\target\test-classes;E:\华盛项目\bidding-agent\end\target\classes;D:\maven\repository\org\apache\httpcomponents\httpcore\4.4.13\httpcore-4.4.13.jar;D:\maven\repository\com\alibaba\fastjson\2.0.24\fastjson-2.0.24.jar;D:\maven\repository\com\alibaba\fastjson2\fastjson2-extension\2.0.24\fastjson2-extension-2.0.24.jar;D:\maven\repository\com\alibaba\fastjson2\fastjson2\2.0.24\fastjson2-2.0.24.jar;D:\maven\repository\org\springframework\boot\spring-boot-starter-web\2.7.9\spring-boot-starter-web-2.7.9.jar;D:\maven\repository\org\springframework\boot\spring-boot-starter\2.7.9\spring-boot-starter-2.7.9.jar;D:\maven\repository\org\springframework\boot\spring-boot-starter-logging\2.7.9\spring-boot-starter-logging-2.7.9.jar;D:\maven\repository\ch\qos\logback\logback-classic\1.2.11\logback-classic-1.2.11.jar;D:\maven\repository\ch\qos\logback\logback-core\1.2.11\logback-core-1.2.11.jar;D:\maven\repository\org\apache\logging\log4j\log4j-to-slf4j\2.17.2\log4j-to-slf4j-2.17.2.jar;D:\maven\repository\org\apache\logging\log4j\log4j-api\2.17.2\log4j-api-2.17.2.jar;D:\maven\repository\org\slf4j\jul-to-slf4j\1.7.36\jul-to-slf4j-1.7.36.jar;D:\maven\repository\jakarta\annotation\jakarta.annotation-api\1.3.5\jakarta.annotation-api-1.3.5.jar;D:\maven\repository\org\yaml\snakeyaml\1.30\snakeyaml-1.30.jar;D:\maven\repository\org\springframework\boot\spring-boot-starter-json\2.7.9\spring-boot-starter-json-2.7.9.jar;D:\maven\repository\com\fasterxml\jackson\datatype\jackson-datatype-jdk8\2.13.5\jackson-datatype-jdk8-2.13.5.jar;D:\maven\repository\com\fasterxml\jackson\datatype\jackson-datatype-jsr310\2.13.5\jackson-datatype-jsr310-2.13.5.jar;D:\maven\repository\com\fasterxml\jackson\module\jackson-module-parameter-names\2.13.5\jackson-module-parameter-names-2.13.5.jar;D:\maven\repository\org\springframework\boot\spring-boot-starter-tomcat\2.7.9\spring-boot-starter-tomcat-2.7.9.jar;D:\maven\repository\org\apache\tomcat\embed\tomcat-embed-core\9.0.71\tomcat-embed-core-9.0.71.jar;D:\maven\repository\org\apache\tomcat\embed\tomcat-embed-el\9.0.71\tomcat-embed-el-9.0.71.jar;D:\maven\repository\org\apache\tomcat\embed\tomcat-embed-websocket\9.0.71\tomcat-embed-websocket-9.0.71.jar;D:\maven\repository\org\springframework\spring-web\5.3.25\spring-web-5.3.25.jar;D:\maven\repository\org\springframework\spring-beans\5.3.25\spring-beans-5.3.25.jar;D:\maven\repository\org\springframework\spring-webmvc\5.3.25\spring-webmvc-5.3.25.jar;D:\maven\repository\org\springframework\spring-aop\5.3.25\spring-aop-5.3.25.jar;D:\maven\repository\org\springframework\spring-context\5.3.25\spring-context-5.3.25.jar;D:\maven\repository\org\springframework\spring-expression\5.3.25\spring-expression-5.3.25.jar;D:\maven\repository\org\mybatis\spring\boot\mybatis-spring-boot-starter\2.3.0\mybatis-spring-boot-starter-2.3.0.jar;D:\maven\repository\org\springframework\boot\spring-boot-starter-jdbc\2.7.9\spring-boot-starter-jdbc-2.7.9.jar;D:\maven\repository\com\zaxxer\HikariCP\4.0.3\HikariCP-4.0.3.jar;D:\maven\repository\org\springframework\spring-jdbc\5.3.25\spring-jdbc-5.3.25.jar;D:\maven\repository\org\springframework\spring-tx\5.3.25\spring-tx-5.3.25.jar;D:\maven\repository\org\mybatis\spring\boot\mybatis-spring-boot-autoconfigure\2.3.0\mybatis-spring-boot-autoconfigure-2.3.0.jar;D:\maven\repository\org\mybatis\mybatis\3.5.11\mybatis-3.5.11.jar;D:\maven\repository\org\mybatis\mybatis-spring\2.1.0\mybatis-spring-2.1.0.jar;D:\maven\repository\org\apache\commons\commons-lang3\3.12.0\commons-lang3-3.12.0.jar;D:\maven\repository\com\auth0\java-jwt\3.18.1\java-jwt-3.18.1.jar;D:\maven\repository\com\fasterxml\jackson\core\jackson-databind\2.13.5\jackson-databind-2.13.5.jar;D:\maven\repository\com\fasterxml\jackson\core\jackson-annotations\2.13.5\jackson-annotations-2.13.5.jar;D:\maven\repository\com\fasterxml\jackson\core\jackson-core\2.13.5\jackson-core-2.13.5.jar;D:\maven\repository\org\springframework\boot\spring-boot-devtools\2.7.9\spring-boot-devtools-2.7.9.jar;D:\maven\repository\org\springframework\boot\spring-boot\2.7.9\spring-boot-2.7.9.jar;D:\maven\repository\org\springframework\boot\spring-boot-autoconfigure\2.7.9\spring-boot-autoconfigure-2.7.9.jar;D:\maven\repository\com\microsoft\sqlserver\mssql-jdbc\9.4.0.jre8\mssql-jdbc-9.4.0.jre8.jar;D:\maven\repository\com\baomidou\mybatis-plus-boot-starter\3.5.1\mybatis-plus-boot-starter-3.5.1.jar;D:\maven\repository\com\baomidou\mybatis-plus\3.5.1\mybatis-plus-3.5.1.jar;D:\maven\repository\com\baomidou\mybatis-plus-extension\3.5.1\mybatis-plus-extension-3.5.1.jar;D:\maven\repository\com\baomidou\mybatis-plus-core\3.5.1\mybatis-plus-core-3.5.1.jar;D:\maven\repository\com\baomidou\mybatis-plus-annotation\3.5.1\mybatis-plus-annotation-3.5.1.jar;D:\maven\repository\com\github\jsqlparser\jsqlparser\4.3\jsqlparser-4.3.jar;D:\maven\repository\org\springframework\boot\spring-boot-configuration-processor\2.7.9\spring-boot-configuration-processor-2.7.9.jar;D:\maven\repository\org\projectlombok\lombok\1.18.26\lombok-1.18.26.jar;D:\maven\repository\org\springframework\boot\spring-boot-starter-test\2.7.9\spring-boot-starter-test-2.7.9.jar;D:\maven\repository\org\springframework\boot\spring-boot-test\2.7.9\spring-boot-test-2.7.9.jar;D:\maven\repository\org\springframework\boot\spring-boot-test-autoconfigure\2.7.9\spring-boot-test-autoconfigure-2.7.9.jar;D:\maven\repository\com\jayway\jsonpath\json-path\2.7.0\json-path-2.7.0.jar;D:\maven\repository\net\minidev\json-smart\2.4.8\json-smart-2.4.8.jar;D:\maven\repository\net\minidev\accessors-smart\2.4.8\accessors-smart-2.4.8.jar;D:\maven\repository\org\ow2\asm\asm\9.1\asm-9.1.jar;D:\maven\repository\org\slf4j\slf4j-api\1.7.36\slf4j-api-1.7.36.jar;D:\maven\repository\jakarta\xml\bind\jakarta.xml.bind-api\2.3.3\jakarta.xml.bind-api-2.3.3.jar;D:\maven\repository\jakarta\activation\jakarta.activation-api\1.2.2\jakarta.activation-api-1.2.2.jar;D:\maven\repository\org\assertj\assertj-core\3.22.0\assertj-core-3.22.0.jar;D:\maven\repository\org\hamcrest\hamcrest\2.2\hamcrest-2.2.jar;D:\maven\repository\org\junit\jupiter\junit-jupiter\5.8.2\junit-jupiter-5.8.2.jar;D:\maven\repository\org\junit\jupiter\junit-jupiter-api\5.8.2\junit-jupiter-api-5.8.2.jar;D:\maven\repository\org\opentest4j\opentest4j\1.2.0\opentest4j-1.2.0.jar;D:\maven\repository\org\junit\platform\junit-platform-commons\1.8.2\junit-platform-commons-1.8.2.jar;D:\maven\repository\org\apiguardian\apiguardian-api\1.1.2\apiguardian-api-1.1.2.jar;D:\maven\repository\org\junit\jupiter\junit-jupiter-params\5.8.2\junit-jupiter-params-5.8.2.jar;D:\maven\repository\org\junit\jupiter\junit-jupiter-engine\5.8.2\junit-jupiter-engine-5.8.2.jar;D:\maven\repository\org\junit\platform\junit-platform-engine\1.8.2\junit-platform-engine-1.8.2.jar;D:\maven\repository\org\mockito\mockito-core\4.5.1\mockito-core-4.5.1.jar;D:\maven\repository\net\bytebuddy\byte-buddy\1.12.23\byte-buddy-1.12.23.jar;D:\maven\repository\net\bytebuddy\byte-buddy-agent\1.12.23\byte-buddy-agent-1.12.23.jar;D:\maven\repository\org\objenesis\objenesis\3.2\objenesis-3.2.jar;D:\maven\repository\org\mockito\mockito-junit-jupiter\4.5.1\mockito-junit-jupiter-4.5.1.jar;D:\maven\repository\org\skyscreamer\jsonassert\1.5.1\jsonassert-1.5.1.jar;D:\maven\repository\com\vaadin\external\google\android-json\0.0.20131108.vaadin1\android-json-0.0.20131108.vaadin1.jar;D:\maven\repository\org\springframework\spring-core\5.3.25\spring-core-5.3.25.jar;D:\maven\repository\org\springframework\spring-jcl\5.3.25\spring-jcl-5.3.25.jar;D:\maven\repository\org\springframework\spring-test\5.3.25\spring-test-5.3.25.jar;D:\maven\repository\org\xmlunit\xmlunit-core\2.9.1\xmlunit-core-2.9.1.jar;D:\maven\repository\org\apache\poi\poi\3.9\poi-3.9.jar;D:\maven\repository\commons-codec\commons-codec\1.15\commons-codec-1.15.jar;D:\maven\repository\org\apache\poi\poi-examples\3.9\poi-examples-3.9.jar;D:\maven\repository\org\apache\poi\poi-scratchpad\3.9\poi-scratchpad-3.9.jar;D:\maven\repository\org\apache\poi\poi-ooxml\3.9\poi-ooxml-3.9.jar;D:\maven\repository\dom4j\dom4j\1.6.1\dom4j-1.6.1.jar;D:\maven\repository\xml-apis\xml-apis\1.0.b2\xml-apis-1.0.b2.jar;D:\maven\repository\org\apache\poi\poi-ooxml-schemas\3.9\poi-ooxml-schemas-3.9.jar;D:\maven\repository\org\apache\xmlbeans\xmlbeans\2.3.0\xmlbeans-2.3.0.jar;D:\maven\repository\stax\stax-api\1.0.1\stax-api-1.0.1.jar;"/>
    <property name="java.vm.vendor" value="Oracle Corporation"/>
    <property name="sun.arch.data.model" value="64"/>
    <property name="user.variant" value=""/>
    <property name="java.vendor.url" value="http://java.oracle.com/"/>
    <property name="user.timezone" value="Asia/Shanghai"/>
    <property name="java.vm.specification.version" value="1.8"/>
    <property name="os.name" value="Windows 10"/>
    <property name="user.country" value="CN"/>
    <property name="sun.java.launcher" value="SUN_STANDARD"/>
    <property name="sun.boot.library.path" value="C:\Program Files\Java\jdk1.8.0_201\jre\bin"/>
    <property name="sun.java.command" value="C:\Users\姜逸凡\AppData\Local\Temp\surefire4010922089450514258\surefirebooter4167866612331489224.jar C:\Users\姜逸凡\AppData\Local\Temp\surefire4010922089450514258 2024-06-17T14-23-45_195-jvmRun1 surefire7575755904688811281tmp surefire_06416484238204701158tmp"/>
    <property name="surefire.test.class.path" value="E:\华盛项目\bidding-agent\end\target\test-classes;E:\华盛项目\bidding-agent\end\target\classes;D:\maven\repository\org\apache\httpcomponents\httpcore\4.4.13\httpcore-4.4.13.jar;D:\maven\repository\com\alibaba\fastjson\2.0.24\fastjson-2.0.24.jar;D:\maven\repository\com\alibaba\fastjson2\fastjson2-extension\2.0.24\fastjson2-extension-2.0.24.jar;D:\maven\repository\com\alibaba\fastjson2\fastjson2\2.0.24\fastjson2-2.0.24.jar;D:\maven\repository\org\springframework\boot\spring-boot-starter-web\2.7.9\spring-boot-starter-web-2.7.9.jar;D:\maven\repository\org\springframework\boot\spring-boot-starter\2.7.9\spring-boot-starter-2.7.9.jar;D:\maven\repository\org\springframework\boot\spring-boot-starter-logging\2.7.9\spring-boot-starter-logging-2.7.9.jar;D:\maven\repository\ch\qos\logback\logback-classic\1.2.11\logback-classic-1.2.11.jar;D:\maven\repository\ch\qos\logback\logback-core\1.2.11\logback-core-1.2.11.jar;D:\maven\repository\org\apache\logging\log4j\log4j-to-slf4j\2.17.2\log4j-to-slf4j-2.17.2.jar;D:\maven\repository\org\apache\logging\log4j\log4j-api\2.17.2\log4j-api-2.17.2.jar;D:\maven\repository\org\slf4j\jul-to-slf4j\1.7.36\jul-to-slf4j-1.7.36.jar;D:\maven\repository\jakarta\annotation\jakarta.annotation-api\1.3.5\jakarta.annotation-api-1.3.5.jar;D:\maven\repository\org\yaml\snakeyaml\1.30\snakeyaml-1.30.jar;D:\maven\repository\org\springframework\boot\spring-boot-starter-json\2.7.9\spring-boot-starter-json-2.7.9.jar;D:\maven\repository\com\fasterxml\jackson\datatype\jackson-datatype-jdk8\2.13.5\jackson-datatype-jdk8-2.13.5.jar;D:\maven\repository\com\fasterxml\jackson\datatype\jackson-datatype-jsr310\2.13.5\jackson-datatype-jsr310-2.13.5.jar;D:\maven\repository\com\fasterxml\jackson\module\jackson-module-parameter-names\2.13.5\jackson-module-parameter-names-2.13.5.jar;D:\maven\repository\org\springframework\boot\spring-boot-starter-tomcat\2.7.9\spring-boot-starter-tomcat-2.7.9.jar;D:\maven\repository\org\apache\tomcat\embed\tomcat-embed-core\9.0.71\tomcat-embed-core-9.0.71.jar;D:\maven\repository\org\apache\tomcat\embed\tomcat-embed-el\9.0.71\tomcat-embed-el-9.0.71.jar;D:\maven\repository\org\apache\tomcat\embed\tomcat-embed-websocket\9.0.71\tomcat-embed-websocket-9.0.71.jar;D:\maven\repository\org\springframework\spring-web\5.3.25\spring-web-5.3.25.jar;D:\maven\repository\org\springframework\spring-beans\5.3.25\spring-beans-5.3.25.jar;D:\maven\repository\org\springframework\spring-webmvc\5.3.25\spring-webmvc-5.3.25.jar;D:\maven\repository\org\springframework\spring-aop\5.3.25\spring-aop-5.3.25.jar;D:\maven\repository\org\springframework\spring-context\5.3.25\spring-context-5.3.25.jar;D:\maven\repository\org\springframework\spring-expression\5.3.25\spring-expression-5.3.25.jar;D:\maven\repository\org\mybatis\spring\boot\mybatis-spring-boot-starter\2.3.0\mybatis-spring-boot-starter-2.3.0.jar;D:\maven\repository\org\springframework\boot\spring-boot-starter-jdbc\2.7.9\spring-boot-starter-jdbc-2.7.9.jar;D:\maven\repository\com\zaxxer\HikariCP\4.0.3\HikariCP-4.0.3.jar;D:\maven\repository\org\springframework\spring-jdbc\5.3.25\spring-jdbc-5.3.25.jar;D:\maven\repository\org\springframework\spring-tx\5.3.25\spring-tx-5.3.25.jar;D:\maven\repository\org\mybatis\spring\boot\mybatis-spring-boot-autoconfigure\2.3.0\mybatis-spring-boot-autoconfigure-2.3.0.jar;D:\maven\repository\org\mybatis\mybatis\3.5.11\mybatis-3.5.11.jar;D:\maven\repository\org\mybatis\mybatis-spring\2.1.0\mybatis-spring-2.1.0.jar;D:\maven\repository\org\apache\commons\commons-lang3\3.12.0\commons-lang3-3.12.0.jar;D:\maven\repository\com\auth0\java-jwt\3.18.1\java-jwt-3.18.1.jar;D:\maven\repository\com\fasterxml\jackson\core\jackson-databind\2.13.5\jackson-databind-2.13.5.jar;D:\maven\repository\com\fasterxml\jackson\core\jackson-annotations\2.13.5\jackson-annotations-2.13.5.jar;D:\maven\repository\com\fasterxml\jackson\core\jackson-core\2.13.5\jackson-core-2.13.5.jar;D:\maven\repository\org\springframework\boot\spring-boot-devtools\2.7.9\spring-boot-devtools-2.7.9.jar;D:\maven\repository\org\springframework\boot\spring-boot\2.7.9\spring-boot-2.7.9.jar;D:\maven\repository\org\springframework\boot\spring-boot-autoconfigure\2.7.9\spring-boot-autoconfigure-2.7.9.jar;D:\maven\repository\com\microsoft\sqlserver\mssql-jdbc\9.4.0.jre8\mssql-jdbc-9.4.0.jre8.jar;D:\maven\repository\com\baomidou\mybatis-plus-boot-starter\3.5.1\mybatis-plus-boot-starter-3.5.1.jar;D:\maven\repository\com\baomidou\mybatis-plus\3.5.1\mybatis-plus-3.5.1.jar;D:\maven\repository\com\baomidou\mybatis-plus-extension\3.5.1\mybatis-plus-extension-3.5.1.jar;D:\maven\repository\com\baomidou\mybatis-plus-core\3.5.1\mybatis-plus-core-3.5.1.jar;D:\maven\repository\com\baomidou\mybatis-plus-annotation\3.5.1\mybatis-plus-annotation-3.5.1.jar;D:\maven\repository\com\github\jsqlparser\jsqlparser\4.3\jsqlparser-4.3.jar;D:\maven\repository\org\springframework\boot\spring-boot-configuration-processor\2.7.9\spring-boot-configuration-processor-2.7.9.jar;D:\maven\repository\org\projectlombok\lombok\1.18.26\lombok-1.18.26.jar;D:\maven\repository\org\springframework\boot\spring-boot-starter-test\2.7.9\spring-boot-starter-test-2.7.9.jar;D:\maven\repository\org\springframework\boot\spring-boot-test\2.7.9\spring-boot-test-2.7.9.jar;D:\maven\repository\org\springframework\boot\spring-boot-test-autoconfigure\2.7.9\spring-boot-test-autoconfigure-2.7.9.jar;D:\maven\repository\com\jayway\jsonpath\json-path\2.7.0\json-path-2.7.0.jar;D:\maven\repository\net\minidev\json-smart\2.4.8\json-smart-2.4.8.jar;D:\maven\repository\net\minidev\accessors-smart\2.4.8\accessors-smart-2.4.8.jar;D:\maven\repository\org\ow2\asm\asm\9.1\asm-9.1.jar;D:\maven\repository\org\slf4j\slf4j-api\1.7.36\slf4j-api-1.7.36.jar;D:\maven\repository\jakarta\xml\bind\jakarta.xml.bind-api\2.3.3\jakarta.xml.bind-api-2.3.3.jar;D:\maven\repository\jakarta\activation\jakarta.activation-api\1.2.2\jakarta.activation-api-1.2.2.jar;D:\maven\repository\org\assertj\assertj-core\3.22.0\assertj-core-3.22.0.jar;D:\maven\repository\org\hamcrest\hamcrest\2.2\hamcrest-2.2.jar;D:\maven\repository\org\junit\jupiter\junit-jupiter\5.8.2\junit-jupiter-5.8.2.jar;D:\maven\repository\org\junit\jupiter\junit-jupiter-api\5.8.2\junit-jupiter-api-5.8.2.jar;D:\maven\repository\org\opentest4j\opentest4j\1.2.0\opentest4j-1.2.0.jar;D:\maven\repository\org\junit\platform\junit-platform-commons\1.8.2\junit-platform-commons-1.8.2.jar;D:\maven\repository\org\apiguardian\apiguardian-api\1.1.2\apiguardian-api-1.1.2.jar;D:\maven\repository\org\junit\jupiter\junit-jupiter-params\5.8.2\junit-jupiter-params-5.8.2.jar;D:\maven\repository\org\junit\jupiter\junit-jupiter-engine\5.8.2\junit-jupiter-engine-5.8.2.jar;D:\maven\repository\org\junit\platform\junit-platform-engine\1.8.2\junit-platform-engine-1.8.2.jar;D:\maven\repository\org\mockito\mockito-core\4.5.1\mockito-core-4.5.1.jar;D:\maven\repository\net\bytebuddy\byte-buddy\1.12.23\byte-buddy-1.12.23.jar;D:\maven\repository\net\bytebuddy\byte-buddy-agent\1.12.23\byte-buddy-agent-1.12.23.jar;D:\maven\repository\org\objenesis\objenesis\3.2\objenesis-3.2.jar;D:\maven\repository\org\mockito\mockito-junit-jupiter\4.5.1\mockito-junit-jupiter-4.5.1.jar;D:\maven\repository\org\skyscreamer\jsonassert\1.5.1\jsonassert-1.5.1.jar;D:\maven\repository\com\vaadin\external\google\android-json\0.0.20131108.vaadin1\android-json-0.0.20131108.vaadin1.jar;D:\maven\repository\org\springframework\spring-core\5.3.25\spring-core-5.3.25.jar;D:\maven\repository\org\springframework\spring-jcl\5.3.25\spring-jcl-5.3.25.jar;D:\maven\repository\org\springframework\spring-test\5.3.25\spring-test-5.3.25.jar;D:\maven\repository\org\xmlunit\xmlunit-core\2.9.1\xmlunit-core-2.9.1.jar;D:\maven\repository\org\apache\poi\poi\3.9\poi-3.9.jar;D:\maven\repository\commons-codec\commons-codec\1.15\commons-codec-1.15.jar;D:\maven\repository\org\apache\poi\poi-examples\3.9\poi-examples-3.9.jar;D:\maven\repository\org\apache\poi\poi-scratchpad\3.9\poi-scratchpad-3.9.jar;D:\maven\repository\org\apache\poi\poi-ooxml\3.9\poi-ooxml-3.9.jar;D:\maven\repository\dom4j\dom4j\1.6.1\dom4j-1.6.1.jar;D:\maven\repository\xml-apis\xml-apis\1.0.b2\xml-apis-1.0.b2.jar;D:\maven\repository\org\apache\poi\poi-ooxml-schemas\3.9\poi-ooxml-schemas-3.9.jar;D:\maven\repository\org\apache\xmlbeans\xmlbeans\2.3.0\xmlbeans-2.3.0.jar;D:\maven\repository\stax\stax-api\1.0.1\stax-api-1.0.1.jar;"/>
    <property name="sun.cpu.endian" value="little"/>
    <property name="user.home" value="C:\Users\姜逸凡"/>
    <property name="user.language" value="zh"/>
    <property name="java.specification.vendor" value="Oracle Corporation"/>
    <property name="java.home" value="C:\Program Files\Java\jdk1.8.0_201\jre"/>
    <property name="basedir" value="E:\华盛项目\bidding-agent\end"/>
    <property name="file.separator" value="\"/>
    <property name="line.separator" value="&#10;"/>
    <property name="java.vm.specification.vendor" value="Oracle Corporation"/>
    <property name="java.specification.name" value="Java Platform API Specification"/>
    <property name="java.awt.graphicsenv" value="sun.awt.Win32GraphicsEnvironment"/>
    <property name="surefire.real.class.path" value="C:\Users\姜逸凡\AppData\Local\Temp\surefire4010922089450514258\surefirebooter4167866612331489224.jar"/>
    <property name="sun.boot.class.path" value="C:\Program Files\Java\jdk1.8.0_201\jre\lib\resources.jar;C:\Program Files\Java\jdk1.8.0_201\jre\lib\rt.jar;C:\Program Files\Java\jdk1.8.0_201\jre\lib\sunrsasign.jar;C:\Program Files\Java\jdk1.8.0_201\jre\lib\jsse.jar;C:\Program Files\Java\jdk1.8.0_201\jre\lib\jce.jar;C:\Program Files\Java\jdk1.8.0_201\jre\lib\charsets.jar;C:\Program Files\Java\jdk1.8.0_201\jre\lib\jfr.jar;C:\Program Files\Java\jdk1.8.0_201\jre\classes"/>
    <property name="user.script" value=""/>
    <property name="sun.management.compiler" value="HotSpot 64-Bit Tiered Compilers"/>
    <property name="java.runtime.version" value="1.8.0_201-b09"/>
    <property name="user.name" value="姜逸凡"/>
    <property name="path.separator" value=";"/>
    <property name="os.version" value="10.0"/>
    <property name="java.endorsed.dirs" value="C:\Program Files\Java\jdk1.8.0_201\jre\lib\endorsed"/>
    <property name="java.runtime.name" value="Java(TM) SE Runtime Environment"/>
    <property name="file.encoding" value="GBK"/>
    <property name="java.vm.name" value="Java HotSpot(TM) 64-Bit Server VM"/>
    <property name="localRepository" value="D:\maven\repository"/>
    <property name="java.vendor.url.bug" value="http://bugreport.sun.com/bugreport/"/>
    <property name="java.io.tmpdir" value="C:\Users\姜逸凡\AppData\Local\Temp\"/>
    <property name="java.version" value="1.8.0_201"/>
    <property name="user.dir" value="E:\华盛项目\bidding-agent\end"/>
    <property name="os.arch" value="amd64"/>
    <property name="java.vm.specification.name" value="Java Virtual Machine Specification"/>
    <property name="java.awt.printerjob" value="sun.awt.windows.WPrinterJob"/>
    <property name="sun.os.patch.level" value=""/>
    <property name="java.library.path" value="C:\Program Files\Java\jdk1.8.0_201\jre\bin;C:\WINDOWS\Sun\Java\bin;C:\WINDOWS\system32;C:\WINDOWS;D:\VMware\bin\;C:\Program Files\Java\jdk1.8.0_201\bin;C:\Program Files (x86)\Common Files\Intel\Shared Libraries\redist\intel64\compiler;C:\WINDOWS\system32;C:\WINDOWS;C:\WINDOWS\System32\Wbem;C:\WINDOWS\System32\WindowsPowerShell\v1.0\;C:\WINDOWS\System32\OpenSSH\;C:\VisTitle LE;%QUARTUS_ROOTDIR%\bin;C:\Program Files\Microsoft SQL Server\Client SDK\ODBC\170\Tools\Binn\;C:\Program Files (x86)\Microsoft SQL Server\150\Tools\Binn\;C:\Program Files\Microsoft SQL Server\150\Tools\Binn\;C:\Program Files\Microsoft SQL Server\150\DTS\Binn\;C:\Program Files (x86)\Microsoft SQL Server\150\DTS\Binn\;C:\Program Files\Azure Data Studio\bin;D:\nodejs\install\;C:\Program Files\Microsoft SQL Server\130\Tools\Binn\;D:\Tomcat\apache-tomcat-9.0.69-windows-x64\apache-tomcat-9.0.69\bin;D:\maven\apache-maven-3.9.0\bin;D:\git\Git\Git\cmd;D:\Xftp\;D:\XShell\;D:\Python\Scripts\;D:\Python\;D:\Anaconda\anaconda3;D:\Anaconda\anaconda3\Library\mingw-w64\bin;D:\Anaconda\anaconda3\Library\usr\bin;D:\Anaconda\anaconda3\Library\bin;D:\Anaconda\anaconda3\Scripts;C:\Program Files\MySQL\MySQL Shell 8.0\bin\;C:\Users\姜逸凡\AppData\Local\Microsoft\WindowsApps;C:\Program Files\Azure Data Studio\bin;C:\Users\姜逸凡\AppData\Roaming\npm;D:\Idea\IntelliJ IDEA Community Edition 2022.3\bin;;D:\pycharm\PyCharm 2023.1.1\bin;;D:\tool\Graphviz\bin;."/>
    <property name="java.vm.info" value="mixed mode"/>
    <property name="java.vendor" value="Oracle Corporation"/>
    <property name="java.vm.version" value="25.201-b09"/>
    <property name="java.ext.dirs" value="C:\Program Files\Java\jdk1.8.0_201\jre\lib\ext;C:\WINDOWS\Sun\Java\lib\ext"/>
    <property name="sun.io.unicode.encoding" value="UnicodeLittle"/>
    <property name="java.class.version" value="52.0"/>
  </properties>
  <testcase name="contextLoads" classname="com.example.huashengpc.HuashengpcApplicationTests" time="0.425"/>
</testsuite>